<?xml version="1.0" encoding="UTF-8"?>
<testsuite name="TestSuite" time="22.122" tests="10" errors="0" skipped="0" failures="0">
  <properties>
[...]
</properties>
  <testcase name="linkTest" classname="tests.GuineaPigTest" time="10.609"/>
  <testcase name="linkTest" classname="tests.GuineaPigTest" time="14.573"/>
  <testcase name="linkTest" classname="tests.GuineaPigTest" time="19.72"/>
  <testcase name="linkTest" classname="tests.GuineaPigTest" time="23.252"/>
  <testcase name="linkTest" classname="tests.GuineaPigTest" time="34.454"/>
  <testcase name="commentTest" classname="tests.GuineaPigTest" time="11.513"/>
  <testcase name="commentTest" classname="tests.GuineaPigTest" time="14.285"/>
  <testcase name="commentTest" classname="tests.GuineaPigTest" time="15.422"/>
  <testcase name="commentTest" classname="tests.GuineaPigTest" time="21.714"/>
  <testcase name="commentTest" classname="tests.GuineaPigTest" time="32.09"/>
</testsuite>