<?xml version="1.0" encoding="UTF-8"?>
<!-- Generated by org.testng.reporters.JUnitXMLReporter -->
<testsuite hostname="JAMESs-MacBook-Pro-3.local" name="Surefire test" tests="10" failures="0" timestamp="5 Apr 2017 23:59:40 GMT" time="34.765" errors="0">
  <testcase name="linkTest" time="10.61" classname="tests.GuineaPigTest"/>
  <testcase name="commentTest" time="11.515" classname="tests.GuineaPigTest"/>
  <testcase name="commentTest" time="14.287" classname="tests.GuineaPigTest"/>
  <testcase name="linkTest" time="14.576" classname="tests.GuineaPigTest"/>
  <testcase name="commentTest" time="15.424" classname="tests.GuineaPigTest"/>
  <testcase name="linkTest" time="19.722" classname="tests.GuineaPigTest"/>
  <testcase name="commentTest" time="21.715" classname="tests.GuineaPigTest"/>
  <testcase name="linkTest" time="23.255" classname="tests.GuineaPigTest"/>
  <testcase name="commentTest" time="32.091" classname="tests.GuineaPigTest"/>
  <testcase name="linkTest" time="34.456" classname="tests.GuineaPigTest"/>
</testsuite> <!-- Surefire test -->
